c:\users\ho\documents\github\dexgraph\src\dexdump\release\opcodenames.obj
c:\users\ho\documents\github\dexgraph\src\dexdump\release\dexdump.obj
c:\users\ho\documents\github\dexgraph\src\dexdump\release\tcoutputhelper.obj
c:\users\ho\documents\github\dexgraph\src\dexdump\release\tcnode.obj
c:\users\ho\documents\github\dexgraph\src\dexdump\release\opcodetype.obj
c:\users\ho\documents\github\dexgraph\src\dexdump\release\getopt.obj
c:\users\ho\documents\github\dexgraph\src\dexdump\release\ziparchive.obj
c:\users\ho\documents\github\dexgraph\src\dexdump\release\sysutil.obj
c:\users\ho\documents\github\dexgraph\src\dexdump\release\sha1.obj
c:\users\ho\documents\github\dexgraph\src\dexdump\release\optinvocation.obj
c:\users\ho\documents\github\dexgraph\src\dexdump\release\leb128.obj
c:\users\ho\documents\github\dexgraph\src\dexdump\release\instrutils.obj
c:\users\ho\documents\github\dexgraph\src\dexdump\release\dexswapverify.obj
c:\users\ho\documents\github\dexgraph\src\dexdump\release\dexproto.obj
c:\users\ho\documents\github\dexgraph\src\dexdump\release\dexfile.obj
c:\users\ho\documents\github\dexgraph\src\dexdump\release\dexdatamap.obj
c:\users\ho\documents\github\dexgraph\src\dexdump\release\dexclass.obj
c:\users\ho\documents\github\dexgraph\src\dexdump\release\dexcatch.obj
c:\users\ho\documents\github\dexgraph\src\dexdump\release\cmdutils.obj
c:\users\ho\documents\github\dexgraph\src\dexdump\release\dexdump.exe
c:\users\ho\documents\github\dexgraph\src\dexdump\release\dexdump.ipdb
c:\users\ho\documents\github\dexgraph\src\dexdump\release\dexdump.iobj
c:\users\ho\documents\github\dexgraph\src\dexdump\release\dexdump.pdb
c:\users\ho\documents\github\dexgraph\src\dexdump\release\dexdump.tlog\cl.command.1.tlog
c:\users\ho\documents\github\dexgraph\src\dexdump\release\dexdump.tlog\cl.read.1.tlog
c:\users\ho\documents\github\dexgraph\src\dexdump\release\dexdump.tlog\cl.write.1.tlog
c:\users\ho\documents\github\dexgraph\src\dexdump\release\dexdump.tlog\link.command.1.tlog
c:\users\ho\documents\github\dexgraph\src\dexdump\release\dexdump.tlog\link.read.1.tlog
c:\users\ho\documents\github\dexgraph\src\dexdump\release\dexdump.tlog\link.write.1.tlog
