c:\users\maxence\documents\github\dexgraph\src\dexdump\debug\vc140.pdb
c:\users\maxence\documents\github\dexgraph\src\dexdump\debug\vc140.idb
c:\users\maxence\documents\github\dexgraph\src\dexdump\debug\tcoutputhelper.obj
c:\users\maxence\documents\github\dexgraph\src\dexdump\debug\cmdutils.obj
c:\users\maxence\documents\github\dexgraph\src\dexdump\debug\dexcatch.obj
c:\users\maxence\documents\github\dexgraph\src\dexdump\debug\dexclass.obj
c:\users\maxence\documents\github\dexgraph\src\dexdump\debug\dexdatamap.obj
c:\users\maxence\documents\github\dexgraph\src\dexdump\debug\dexfile.obj
c:\users\maxence\documents\github\dexgraph\src\dexdump\debug\dexproto.obj
c:\users\maxence\documents\github\dexgraph\src\dexdump\debug\dexswapverify.obj
c:\users\maxence\documents\github\dexgraph\src\dexdump\debug\instrutils.obj
c:\users\maxence\documents\github\dexgraph\src\dexdump\debug\leb128.obj
c:\users\maxence\documents\github\dexgraph\src\dexdump\debug\optinvocation.obj
c:\users\maxence\documents\github\dexgraph\src\dexdump\debug\sha1.obj
c:\users\maxence\documents\github\dexgraph\src\dexdump\debug\sysutil.obj
c:\users\maxence\documents\github\dexgraph\src\dexdump\debug\ziparchive.obj
c:\users\maxence\documents\github\dexgraph\src\dexdump\debug\dexdump.obj
c:\users\maxence\documents\github\dexgraph\src\dexdump\debug\getopt.obj
c:\users\maxence\documents\github\dexgraph\src\dexdump\debug\opcodenames.obj
c:\users\maxence\documents\github\dexgraph\src\dexdump\debug\dexdump.exe
c:\users\maxence\documents\github\dexgraph\src\dexdump\debug\dexdump.pdb
c:\users\maxence\documents\github\dexgraph\src\dexdump\debug\dexdump.tlog\cl.command.1.tlog
c:\users\maxence\documents\github\dexgraph\src\dexdump\debug\dexdump.tlog\cl.read.1.tlog
c:\users\maxence\documents\github\dexgraph\src\dexdump\debug\dexdump.tlog\cl.write.1.tlog
c:\users\maxence\documents\github\dexgraph\src\dexdump\debug\dexdump.tlog\link.command.1.tlog
c:\users\maxence\documents\github\dexgraph\src\dexdump\debug\dexdump.tlog\link.read.1.tlog
c:\users\maxence\documents\github\dexgraph\src\dexdump\debug\dexdump.tlog\link.write.1.tlog
