  DexDump.cpp
c:\users\maxence\documents\github\dexgraph\src\dexdump\dexdump.cpp(198): warning C4996: 'strdup': The POSIX name for this item is deprecated. Instead, use the ISO C and C++ conformant name: _strdup. See online help for details.
  c:\program files (x86)\windows kits\10\include\10.0.10240.0\ucrt\string.h(552): note: see declaration of 'strdup'
c:\users\maxence\documents\github\dexgraph\src\dexdump\dexdump.cpp(1527): warning C4996: 'strdup': The POSIX name for this item is deprecated. Instead, use the ISO C and C++ conformant name: _strdup. See online help for details.
  c:\program files (x86)\windows kits\10\include\10.0.10240.0\ucrt\string.h(552): note: see declaration of 'strdup'
  ZipArchive.cpp
c:\users\maxence\documents\github\dexgraph\src\libdex\ziparchive.cpp(293): warning C4996: 'open': The POSIX name for this item is deprecated. Instead, use the ISO C and C++ conformant name: _open. See online help for details.
  c:\program files (x86)\windows kits\10\include\10.0.10240.0\ucrt\corecrt_io.h(514): note: see declaration of 'open'
c:\users\maxence\documents\github\dexgraph\src\libdex\ziparchive.cpp(296): warning C4996: 'strerror': This function or variable may be unsafe. Consider using strerror_s instead. To disable deprecation, use _CRT_SECURE_NO_WARNINGS. See online help for details.
  c:\program files (x86)\windows kits\10\include\10.0.10240.0\ucrt\string.h(178): note: see declaration of 'strerror'
c:\users\maxence\documents\github\dexgraph\src\libdex\ziparchive.cpp(358): warning C4996: 'close': The POSIX name for this item is deprecated. Instead, use the ISO C and C++ conformant name: _close. See online help for details.
  c:\program files (x86)\windows kits\10\include\10.0.10240.0\ucrt\corecrt_io.h(457): note: see declaration of 'close'
c:\users\maxence\documents\github\dexgraph\src\libdex\ziparchive.cpp(565): warning C4996: 'write': The POSIX name for this item is deprecated. Instead, use the ISO C and C++ conformant name: _write. See online help for details.
  c:\program files (x86)\windows kits\10\include\10.0.10240.0\ucrt\corecrt_io.h(556): note: see declaration of 'write'
c:\users\maxence\documents\github\dexgraph\src\libdex\ziparchive.cpp(568): warning C4996: 'strerror': This function or variable may be unsafe. Consider using strerror_s instead. To disable deprecation, use _CRT_SECURE_NO_WARNINGS. See online help for details.
  c:\program files (x86)\windows kits\10\include\10.0.10240.0\ucrt\string.h(178): note: see declaration of 'strerror'
c:\users\maxence\documents\github\dexgraph\src\libdex\ziparchive.cpp(611): warning C4305: 'return': truncation from 'int' to 'bool'
c:\users\maxence\documents\github\dexgraph\src\libdex\ziparchive.cpp(627): warning C4996: 'write': The POSIX name for this item is deprecated. Instead, use the ISO C and C++ conformant name: _write. See online help for details.
  c:\program files (x86)\windows kits\10\include\10.0.10240.0\ucrt\corecrt_io.h(556): note: see declaration of 'write'
c:\users\maxence\documents\github\dexgraph\src\libdex\ziparchive.cpp(629): warning C4996: 'strerror': This function or variable may be unsafe. Consider using strerror_s instead. To disable deprecation, use _CRT_SECURE_NO_WARNINGS. See online help for details.
  c:\program files (x86)\windows kits\10\include\10.0.10240.0\ucrt\string.h(178): note: see declaration of 'strerror'
  SysUtil.cpp
c:\users\maxence\documents\github\dexgraph\src\libdex\sysutil.cpp(95): warning C4996: 'lseek': The POSIX name for this item is deprecated. Instead, use the ISO C and C++ conformant name: _lseek. See online help for details.
  c:\program files (x86)\windows kits\10\include\10.0.10240.0\ucrt\corecrt_io.h(501): note: see declaration of 'lseek'
c:\users\maxence\documents\github\dexgraph\src\libdex\sysutil.cpp(96): warning C4996: 'lseek': The POSIX name for this item is deprecated. Instead, use the ISO C and C++ conformant name: _lseek. See online help for details.
  c:\program files (x86)\windows kits\10\include\10.0.10240.0\ucrt\corecrt_io.h(501): note: see declaration of 'lseek'
c:\users\maxence\documents\github\dexgraph\src\libdex\sysutil.cpp(97): warning C4996: 'lseek': The POSIX name for this item is deprecated. Instead, use the ISO C and C++ conformant name: _lseek. See online help for details.
  c:\program files (x86)\windows kits\10\include\10.0.10240.0\ucrt\corecrt_io.h(501): note: see declaration of 'lseek'
c:\users\maxence\documents\github\dexgraph\src\libdex\sysutil.cpp(173): warning C4996: 'read': The POSIX name for this item is deprecated. Instead, use the ISO C and C++ conformant name: _read. See online help for details.
  c:\program files (x86)\windows kits\10\include\10.0.10240.0\ucrt\corecrt_io.h(521): note: see declaration of 'read'
c:\users\maxence\documents\github\dexgraph\src\libdex\sysutil.cpp(174): warning C4996: 'strerror': This function or variable may be unsafe. Consider using strerror_s instead. To disable deprecation, use _CRT_SECURE_NO_WARNINGS. See online help for details.
  c:\program files (x86)\windows kits\10\include\10.0.10240.0\ucrt\string.h(178): note: see declaration of 'strerror'
  sha1.cpp
  OptInvocation.cpp
c:\users\maxence\documents\github\dexgraph\src\libdex\optinvocation.cpp(73): warning C4996: 'strncat': This function or variable may be unsafe. Consider using strncat_s instead. To disable deprecation, use _CRT_SECURE_NO_WARNINGS. See online help for details.
  c:\program files (x86)\windows kits\10\include\10.0.10240.0\ucrt\string.h(255): note: see declaration of 'strncat'
c:\users\maxence\documents\github\dexgraph\src\libdex\optinvocation.cpp(75): warning C4996: 'strncat': This function or variable may be unsafe. Consider using strncat_s instead. To disable deprecation, use _CRT_SECURE_NO_WARNINGS. See online help for details.
  c:\program files (x86)\windows kits\10\include\10.0.10240.0\ucrt\string.h(255): note: see declaration of 'strncat'
c:\users\maxence\documents\github\dexgraph\src\libdex\optinvocation.cpp(83): warning C4996: 'strncat': This function or variable may be unsafe. Consider using strncat_s instead. To disable deprecation, use _CRT_SECURE_NO_WARNINGS. See online help for details.
  c:\program files (x86)\windows kits\10\include\10.0.10240.0\ucrt\string.h(255): note: see declaration of 'strncat'
c:\users\maxence\documents\github\dexgraph\src\libdex\optinvocation.cpp(84): warning C4996: 'strncat': This function or variable may be unsafe. Consider using strncat_s instead. To disable deprecation, use _CRT_SECURE_NO_WARNINGS. See online help for details.
  c:\program files (x86)\windows kits\10\include\10.0.10240.0\ucrt\string.h(255): note: see declaration of 'strncat'
c:\users\maxence\documents\github\dexgraph\src\libdex\optinvocation.cpp(100): warning C4996: 'getenv': This function or variable may be unsafe. Consider using _dupenv_s instead. To disable deprecation, use _CRT_SECURE_NO_WARNINGS. See online help for details.
  c:\program files (x86)\windows kits\10\include\10.0.10240.0\ucrt\stdlib.h(1183): note: see declaration of 'getenv'
c:\users\maxence\documents\github\dexgraph\src\libdex\optinvocation.cpp(103): warning C4996: '_snprintf': This function or variable may be unsafe. Consider using _snprintf_s instead. To disable deprecation, use _CRT_SECURE_NO_WARNINGS. See online help for details.
  c:\program files (x86)\windows kits\10\include\10.0.10240.0\ucrt\stdio.h(1952): note: see declaration of '_snprintf'
c:\users\maxence\documents\github\dexgraph\src\libdex\optinvocation.cpp(107): warning C4996: 'strncat': This function or variable may be unsafe. Consider using strncat_s instead. To disable deprecation, use _CRT_SECURE_NO_WARNINGS. See online help for details.
  c:\program files (x86)\windows kits\10\include\10.0.10240.0\ucrt\string.h(255): note: see declaration of 'strncat'
c:\users\maxence\documents\github\dexgraph\src\libdex\optinvocation.cpp(110): warning C4996: 'strdup': The POSIX name for this item is deprecated. Instead, use the ISO C and C++ conformant name: _strdup. See online help for details.
  c:\program files (x86)\windows kits\10\include\10.0.10240.0\ucrt\string.h(552): note: see declaration of 'strdup'
c:\users\maxence\documents\github\dexgraph\src\libdex\optinvocation.cpp(129): warning C4996: 'lseek': The POSIX name for this item is deprecated. Instead, use the ISO C and C++ conformant name: _lseek. See online help for details.
  c:\program files (x86)\windows kits\10\include\10.0.10240.0\ucrt\corecrt_io.h(501): note: see declaration of 'lseek'
c:\users\maxence\documents\github\dexgraph\src\libdex\optinvocation.cpp(139): warning C4996: 'write': The POSIX name for this item is deprecated. Instead, use the ISO C and C++ conformant name: _write. See online help for details.
  c:\program files (x86)\windows kits\10\include\10.0.10240.0\ucrt\corecrt_io.h(556): note: see declaration of 'write'
c:\users\maxence\documents\github\dexgraph\src\libdex\optinvocation.cpp(142): warning C4996: 'strerror': This function or variable may be unsafe. Consider using strerror_s instead. To disable deprecation, use _CRT_SECURE_NO_WARNINGS. See online help for details.
  c:\program files (x86)\windows kits\10\include\10.0.10240.0\ucrt\string.h(178): note: see declaration of 'strerror'
  Leb128.cpp
  InstrUtils.cpp
  DexSwapVerify.cpp
  DexProto.cpp
c:\users\maxence\documents\github\dexgraph\src\libdex\dexproto.cpp(106): warning C4996: 'strdup': The POSIX name for this item is deprecated. Instead, use the ISO C and C++ conformant name: _strdup. See online help for details.
  c:\program files (x86)\windows kits\10\include\10.0.10240.0\ucrt\string.h(552): note: see declaration of 'strdup'
c:\users\maxence\documents\github\dexgraph\src\libdex\dexproto.cpp(162): warning C4996: 'strcpy': This function or variable may be unsafe. Consider using strcpy_s instead. To disable deprecation, use _CRT_SECURE_NO_WARNINGS. See online help for details.
  c:\program files (x86)\windows kits\10\include\10.0.10240.0\ucrt\string.h(119): note: see declaration of 'strcpy'
c:\users\maxence\documents\github\dexgraph\src\libdex\dexproto.cpp(168): warning C4996: 'strcpy': This function or variable may be unsafe. Consider using strcpy_s instead. To disable deprecation, use _CRT_SECURE_NO_WARNINGS. See online help for details.
  c:\program files (x86)\windows kits\10\include\10.0.10240.0\ucrt\string.h(119): note: see declaration of 'strcpy'
c:\users\maxence\documents\github\dexgraph\src\libdex\dexproto.cpp(216): warning C4996: 'strcpy': This function or variable may be unsafe. Consider using strcpy_s instead. To disable deprecation, use _CRT_SECURE_NO_WARNINGS. See online help for details.
  c:\program files (x86)\windows kits\10\include\10.0.10240.0\ucrt\string.h(119): note: see declaration of 'strcpy'
  DexFile.cpp
  DexDataMap.cpp
  DexClass.cpp
c:\users\maxence\documents\github\dexgraph\src\libdex\dexclass.cpp(30): warning C4101: 'i': unreferenced local variable
  DexCatch.cpp
  CmdUtils.cpp
c:\users\maxence\documents\github\dexgraph\src\libdex\cmdutils.cpp(57): warning C4996: 'open': The POSIX name for this item is deprecated. Instead, use the ISO C and C++ conformant name: _open. See online help for details.
  c:\program files (x86)\windows kits\10\include\10.0.10240.0\ucrt\corecrt_io.h(514): note: see declaration of 'open'
c:\users\maxence\documents\github\dexgraph\src\libdex\cmdutils.cpp(60): warning C4996: 'strerror': This function or variable may be unsafe. Consider using strerror_s instead. To disable deprecation, use _CRT_SECURE_NO_WARNINGS. See online help for details.
  c:\program files (x86)\windows kits\10\include\10.0.10240.0\ucrt\string.h(178): note: see declaration of 'strerror'
c:\users\maxence\documents\github\dexgraph\src\libdex\cmdutils.cpp(86): warning C4996: 'close': The POSIX name for this item is deprecated. Instead, use the ISO C and C++ conformant name: _close. See online help for details.
  c:\program files (x86)\windows kits\10\include\10.0.10240.0\ucrt\corecrt_io.h(457): note: see declaration of 'close'
c:\users\maxence\documents\github\dexgraph\src\libdex\cmdutils.cpp(88): warning C4996: 'unlink': The POSIX name for this item is deprecated. Instead, use the ISO C and C++ conformant name: _unlink. See online help for details.
  c:\program files (x86)\windows kits\10\include\10.0.10240.0\ucrt\stdio.h(380): note: see declaration of 'unlink'
c:\users\maxence\documents\github\dexgraph\src\libdex\cmdutils.cpp(124): warning C4996: 'stricmp': The POSIX name for this item is deprecated. Instead, use the ISO C and C++ conformant name: _stricmp. See online help for details.
  c:\program files (x86)\windows kits\10\include\10.0.10240.0\ucrt\string.h(568): note: see declaration of 'stricmp'
c:\users\maxence\documents\github\dexgraph\src\libdex\cmdutils.cpp(131): warning C4996: 'access': The POSIX name for this item is deprecated. Instead, use the ISO C and C++ conformant name: _access. See online help for details.
  c:\program files (x86)\windows kits\10\include\10.0.10240.0\ucrt\corecrt_io.h(439): note: see declaration of 'access'
c:\users\maxence\documents\github\dexgraph\src\libdex\cmdutils.cpp(132): warning C4996: 'sprintf': This function or variable may be unsafe. Consider using sprintf_s instead. To disable deprecation, use _CRT_SECURE_NO_WARNINGS. See online help for details.
  c:\program files (x86)\windows kits\10\include\10.0.10240.0\ucrt\stdio.h(1769): note: see declaration of 'sprintf'
c:\users\maxence\documents\github\dexgraph\src\libdex\cmdutils.cpp(133): warning C4996: 'access': The POSIX name for this item is deprecated. Instead, use the ISO C and C++ conformant name: _access. See online help for details.
  c:\program files (x86)\windows kits\10\include\10.0.10240.0\ucrt\corecrt_io.h(439): note: see declaration of 'access'
c:\users\maxence\documents\github\dexgraph\src\libdex\cmdutils.cpp(134): warning C4996: 'sprintf': This function or variable may be unsafe. Consider using sprintf_s instead. To disable deprecation, use _CRT_SECURE_NO_WARNINGS. See online help for details.
  c:\program files (x86)\windows kits\10\include\10.0.10240.0\ucrt\stdio.h(1769): note: see declaration of 'sprintf'
c:\users\maxence\documents\github\dexgraph\src\libdex\cmdutils.cpp(136): warning C4996: 'sprintf': This function or variable may be unsafe. Consider using sprintf_s instead. To disable deprecation, use _CRT_SECURE_NO_WARNINGS. See online help for details.
  c:\program files (x86)\windows kits\10\include\10.0.10240.0\ucrt\stdio.h(1769): note: see declaration of 'sprintf'
c:\users\maxence\documents\github\dexgraph\src\libdex\cmdutils.cpp(162): warning C4996: 'open': The POSIX name for this item is deprecated. Instead, use the ISO C and C++ conformant name: _open. See online help for details.
  c:\program files (x86)\windows kits\10\include\10.0.10240.0\ucrt\corecrt_io.h(514): note: see declaration of 'open'
c:\users\maxence\documents\github\dexgraph\src\libdex\cmdutils.cpp(166): warning C4996: 'strerror': This function or variable may be unsafe. Consider using strerror_s instead. To disable deprecation, use _CRT_SECURE_NO_WARNINGS. See online help for details.
  c:\program files (x86)\windows kits\10\include\10.0.10240.0\ucrt\string.h(178): note: see declaration of 'strerror'
c:\users\maxence\documents\github\dexgraph\src\libdex\cmdutils.cpp(173): warning C4996: 'close': The POSIX name for this item is deprecated. Instead, use the ISO C and C++ conformant name: _close. See online help for details.
  c:\program files (x86)\windows kits\10\include\10.0.10240.0\ucrt\corecrt_io.h(457): note: see declaration of 'close'
c:\users\maxence\documents\github\dexgraph\src\libdex\cmdutils.cpp(184): warning C4996: 'close': The POSIX name for this item is deprecated. Instead, use the ISO C and C++ conformant name: _close. See online help for details.
  c:\program files (x86)\windows kits\10\include\10.0.10240.0\ucrt\corecrt_io.h(457): note: see declaration of 'close'
c:\users\maxence\documents\github\dexgraph\src\libdex\cmdutils.cpp(186): warning C4996: 'unlink': The POSIX name for this item is deprecated. Instead, use the ISO C and C++ conformant name: _unlink. See online help for details.
  c:\program files (x86)\windows kits\10\include\10.0.10240.0\ucrt\stdio.h(380): note: see declaration of 'unlink'
  TCOutputHelper.cpp
  Generating Code...
  OpCodeNames.c
  getopt.c
  Generating Code...
LINK : warning LNK4075: ignoring '/INCREMENTAL' due to '/LTCG' specification
TCOutputHelper.obj : warning LNK4075: ignoring '/EDITANDCONTINUE' due to '/OPT:LBR' specification
  LINK : /LTCG specified but no code generation required; remove /LTCG from the link command line to improve linker performance
zlib.lib(zutil.obj) : warning LNK4049: locally defined symbol _malloc imported
zlib.lib(zutil.obj) : warning LNK4049: locally defined symbol _free imported
zlib.lib(adler32.obj) : warning LNK4099: PDB 'zlib.pdb' was not found with 'zlib.lib(adler32.obj)' or at 'C:\Users\Maxence\Documents\GitHub\DexGraph\src\dexdump\Debug\zlib.pdb'; linking object as if no debug info
zlib.lib(crc32.obj) : warning LNK4099: PDB 'zlib.pdb' was not found with 'zlib.lib(crc32.obj)' or at 'C:\Users\Maxence\Documents\GitHub\DexGraph\src\dexdump\Debug\zlib.pdb'; linking object as if no debug info
zlib.lib(inflate.obj) : warning LNK4099: PDB 'zlib.pdb' was not found with 'zlib.lib(inflate.obj)' or at 'C:\Users\Maxence\Documents\GitHub\DexGraph\src\dexdump\Debug\zlib.pdb'; linking object as if no debug info
zlib.lib(inftrees.obj) : warning LNK4099: PDB 'zlib.pdb' was not found with 'zlib.lib(inftrees.obj)' or at 'C:\Users\Maxence\Documents\GitHub\DexGraph\src\dexdump\Debug\zlib.pdb'; linking object as if no debug info
zlib.lib(inffast.obj) : warning LNK4099: PDB 'zlib.pdb' was not found with 'zlib.lib(inffast.obj)' or at 'C:\Users\Maxence\Documents\GitHub\DexGraph\src\dexdump\Debug\zlib.pdb'; linking object as if no debug info
zlib.lib(zutil.obj) : warning LNK4099: PDB 'zlib.pdb' was not found with 'zlib.lib(zutil.obj)' or at 'C:\Users\Maxence\Documents\GitHub\DexGraph\src\dexdump\Debug\zlib.pdb'; linking object as if no debug info
  dexdump.vcxproj -> C:\Users\Maxence\Documents\GitHub\DexGraph\src\dexdump\Debug\dexdump.exe
  dexdump.vcxproj -> C:\Users\Maxence\Documents\GitHub\DexGraph\src\dexdump\Debug\dexdump.pdb (Full PDB)
